<?xml version="1.0" encoding="UTF-8"?>
<!-- Generated by org.testng.reporters.JUnitXMLReporter -->
<testsuite ignored="1" hostname="MallikarjunsMBP.fios-router.home" failures="0" tests="1" name="Default test(failed)" time="7.059" errors="0" timestamp="2021-12-17T14:02:55 EST">
  <testcase classname="com.testngProject.TestReports" name="reports" time="0.167"/>
  <testcase classname="com.testngProject.TestReports" name="imagesLink" time="0.0">
    <ignored/>
  </testcase> <!-- imagesLink -->
</testsuite> <!-- Default test(failed) -->
