<?xml version="1.0" encoding="UTF-8"?>
<!-- Generated by org.testng.reporters.JUnitXMLReporter -->
<testsuite ignored="0" hostname="MallikarjunsMBP.fios-router.home" failures="1" tests="2" name="google" time="8.986" errors="0" timestamp="2021-12-22T18:03:03 EST">
  <testcase classname="com.testngProject.TestReport2" name="gmail_link" time="0.097"/>
  <testcase classname="com.testngProject.TestReport2" name="image_link" time="0.028">
    <failure type="java.lang.AssertionError" message="expected [images] but found [Images]">
      <![CDATA[java.lang.AssertionError: expected [images] but found [Images]
at com.testngProject.TestReport2.image_link(TestReport2.java:71)
at java.base/java.util.ArrayList.forEach(ArrayList.java:1511)
... Removed 33 stack frames]]>
    </failure>
  </testcase> <!-- image_link -->
</testsuite> <!-- google -->
