<?xml version="1.0" encoding="UTF-8"?>
<!-- Generated by org.testng.reporters.JUnitXMLReporter -->
<testsuite ignored="0" hostname="MallikarjunsMBP.fios-router.home" failures="0" tests="1" name="Test" time="0.052" errors="0" timestamp="2021-12-14T14:18:41 EST">
  <testcase classname="com.projectSample.BasicTest" name="@BeforeTest startBrowser" time="-1.639509521896E9">
    <failure type="org.testng.TestNGException" message="
Can inject only one of &amp;lt;ITestContext, XmlTest&amp;gt; into a @BeforeTest annotated startBrowser.
For more information on native dependency injection please refer to https://testng.org/doc/documentation-main.html#native-dependency-injection">
      <![CDATA[org.testng.TestNGException: 
Can inject only one of <ITestContext, XmlTest> into a @BeforeTest annotated startBrowser.
For more information on native dependency injection please refer to https://testng.org/doc/documentation-main.html#native-dependency-injection
... Removed 21 stack frames]]>
    </failure>
  </testcase> <!-- @BeforeTest startBrowser -->
  <testcase classname="com.projectSample.BasicTest" name="@BeforeMethod method" time="-1.639509521926E9">
    <skipped/>
  </testcase> <!-- @BeforeMethod method -->
  <testcase classname="com.testngpackage.LoginTest" name="@BeforeMethod click_HomeLink" time="-1.639509521928E9">
    <skipped/>
  </testcase> <!-- @BeforeMethod click_HomeLink -->
  <testcase classname="com.projectSample.BasicTest" name="@AfterTest closeTest" time="-1.639509521942E9">
    <skipped/>
  </testcase> <!-- @AfterTest closeTest -->
  <testcase classname="com.testngpackage.LoginTest" name="test_homelink" time="0.0">
    <skipped/>
  </testcase> <!-- test_homelink -->
</testsuite> <!-- Test -->
