<?xml version="1.0" encoding="UTF-8"?>
<testng-results ignored="0" total="3" passed="3" failed="0" skipped="0">
  <reporter-output>
  </reporter-output>
  <suite started-at="2021-12-22T19:26:44 EST" name="Suite" finished-at="2021-12-22T19:26:58 EST" duration-ms="14141">
    <groups>
    </groups>
    <test started-at="2021-12-22T19:26:44 EST" name="login" finished-at="2021-12-22T19:26:52 EST" duration-ms="7892">
      <class name="com.testngProject.LoginTest">
        <test-method is-config="true" signature="getBrowser()[pri:0, instance:com.testngProject.LoginTest@69930714]" started-at="2021-12-22T19:26:44 EST" name="getBrowser" finished-at="2021-12-22T19:26:50 EST" duration-ms="6121" status="PASS">
          <reporter-output>
          </reporter-output>
        </test-method> <!-- getBrowser -->
        <test-method signature="verify_validcredentials(java.lang.String,java.lang.String)[pri:0, instance:com.testngProject.LoginTest@69930714]" started-at="2021-12-22T19:26:50 EST" name="verify_validcredentials" finished-at="2021-12-22T19:26:51 EST" duration-ms="1158" status="PASS">
          <params>
            <param index="0">
              <value>
                <![CDATA[qatrainer]]>
              </value>
            </param>
            <param index="1">
              <value>
                <![CDATA[admin123]]>
              </value>
            </param>
          </params>
          <reporter-output>
          </reporter-output>
        </test-method> <!-- verify_validcredentials -->
        <test-method signature="verify_invalidcredentials(java.lang.String,java.lang.String)[pri:1, instance:com.testngProject.LoginTest@69930714]" started-at="2021-12-22T19:26:51 EST" name="verify_invalidcredentials" finished-at="2021-12-22T19:26:51 EST" duration-ms="439" status="PASS">
          <params>
            <param index="0">
              <value>
                <![CDATA[tester]]>
              </value>
            </param>
            <param index="1">
              <value>
                <![CDATA[admin123]]>
              </value>
            </param>
          </params>
          <reporter-output>
          </reporter-output>
        </test-method> <!-- verify_invalidcredentials -->
        <test-method is-config="true" signature="closeTest()[pri:0, instance:com.testngProject.LoginTest@69930714]" started-at="2021-12-22T19:26:51 EST" name="closeTest" finished-at="2021-12-22T19:26:52 EST" duration-ms="147" status="PASS">
          <reporter-output>
          </reporter-output>
        </test-method> <!-- closeTest -->
      </class> <!-- com.testngProject.LoginTest -->
    </test> <!-- login -->
    <test started-at="2021-12-22T19:26:52 EST" name="google" finished-at="2021-12-22T19:26:58 EST" duration-ms="6236">
      <class name="com.testngProject.TestReport2">
        <test-method is-config="true" signature="setupSuite()[pri:0, instance:com.testngProject.TestReport2@30b7c004]" started-at="2021-12-22T19:26:43 EST" name="setupSuite" finished-at="2021-12-22T19:26:44 EST" duration-ms="169" status="PASS">
          <reporter-output>
          </reporter-output>
        </test-method> <!-- setupSuite -->
        <test-method is-config="true" signature="startbrowser()[pri:0, instance:com.testngProject.TestReport2@30b7c004]" started-at="2021-12-22T19:26:52 EST" name="startbrowser" finished-at="2021-12-22T19:26:57 EST" duration-ms="5736" status="PASS">
          <reporter-output>
          </reporter-output>
        </test-method> <!-- startbrowser -->
        <test-method signature="gmail_link()[pri:0, instance:com.testngProject.TestReport2@30b7c004]" started-at="2021-12-22T19:26:57 EST" name="gmail_link" finished-at="2021-12-22T19:26:57 EST" duration-ms="104" status="PASS">
          <reporter-output>
          </reporter-output>
        </test-method> <!-- gmail_link -->
        <test-method is-config="true" signature="failed_report(org.testng.ITestResult)[pri:0, instance:com.testngProject.TestReport2@30b7c004]" started-at="2021-12-22T19:26:57 EST" name="failed_report" finished-at="2021-12-22T19:26:57 EST" duration-ms="0" status="PASS">
          <params>
            <param index="0">
              <value>
                <![CDATA[[TestResult name=gmail_link status=SUCCESS method=TestReport2.gmail_link()[pri:0, instance:com.testngProject.TestReport2@30b7c004] output={null}]]]>
              </value>
            </param>
          </params>
          <reporter-output>
          </reporter-output>
        </test-method> <!-- failed_report -->
        <test-method is-config="true" signature="closereport()[pri:0, instance:com.testngProject.TestReport2@30b7c004]" started-at="2021-12-22T19:26:57 EST" name="closereport" finished-at="2021-12-22T19:26:58 EST" duration-ms="391" status="PASS">
          <reporter-output>
          </reporter-output>
        </test-method> <!-- closereport -->
      </class> <!-- com.testngProject.TestReport2 -->
    </test> <!-- google -->
  </suite> <!-- Suite -->
</testng-results>
